<?xml version="1.0" encoding="UTF-8"?>
<!-- Generated by org.testng.reporters.JUnitReportReporter -->
<testsuite hostname="DESKTOP-JMKOJCR" failures="0" tests="1" name="appiumLaunchh.UninstallApp" time="17.114" errors="0" timestamp="2023-08-18T12:31:40 IST" skipped="0">
  <testcase classname="appiumLaunchh.UninstallApp" name="appUnstall" time="17.114"/>
</testsuite> <!-- appiumLaunchh.UninstallApp -->
