<?xml version="1.0" encoding="UTF-8"?>
<!-- Generated by org.testng.reporters.JUnitReportReporter -->
<testsuite hostname="DESKTOP-JMKOJCR" failures="0" tests="1" name="appiumLaunchh.PropertiesClass" time="18.135" errors="0" timestamp="2023-08-18T19:49:10 IST" skipped="0">
  <testcase classname="appiumLaunchh.PropertiesClass" name="startUp" time="18.135"/>
</testsuite> <!-- appiumLaunchh.PropertiesClass -->
