<?xml version="1.0" encoding="UTF-8"?>
<!-- Generated by org.testng.reporters.JUnitReportReporter -->
<testsuite hostname="DESKTOP-JMKOJCR" failures="0" tests="1" name="appiumLaunchh.DirectLogin" time="24.746" errors="0" timestamp="2023-08-16T16:09:39 IST" skipped="0">
  <testcase classname="appiumLaunchh.DirectLogin" name="testMethod" time="24.746"/>
</testsuite> <!-- appiumLaunchh.DirectLogin -->
