<?xml version="1.0" encoding="UTF-8"?>
<!-- Generated by org.testng.reporters.JUnitReportReporter -->
<testsuite hostname="DESKTOP-JMKOJCR" failures="0" tests="1" name="appiumLaunchh.TestClass4" time="11.374" errors="0" timestamp="2023-08-17T15:12:32 IST" skipped="0">
  <testcase classname="appiumLaunchh.TestClass4" name="logIn" time="11.374"/>
</testsuite> <!-- appiumLaunchh.TestClass4 -->
